<<<<<<< HEAD
This is pdfTeX, Version 3.14159265-2.6-1.40.17 (TeX Live 2016) (preloaded format=pdflatex 2016.5.22)  28 MAR 2017 14:33
=======
This is pdfTeX, Version 3.14159265-2.6-1.40.17 (TeX Live 2016) (preloaded format=pdflatex 2016.5.22)  25 MAR 2017 01:13
>>>>>>> origin/master
entering extended mode
 restricted \write18 enabled.
 %&-line parsing enabled.
**report.tex
(./report.tex
LaTeX2e <2016/03/31>
Babel <3.9r> and hyphenation patterns for 83 language(s) loaded.
(/usr/local/texlive/2016/texmf-dist/tex/latex/base/report.cls
Document Class: report 2014/09/29 v1.4h Standard LaTeX document class
(/usr/local/texlive/2016/texmf-dist/tex/latex/base/size10.clo
File: size10.clo 2014/09/29 v1.4h Standard LaTeX file (size option)
)
\c@part=\count79
\c@chapter=\count80
\c@section=\count81
\c@subsection=\count82
\c@subsubsection=\count83
\c@paragraph=\count84
\c@subparagraph=\count85
\c@figure=\count86
\c@table=\count87
\abovecaptionskip=\skip41
\belowcaptionskip=\skip42
\bibindent=\dimen102
)
(/usr/local/texlive/2016/texmf-dist/tex/latex/pgf/frontendlayer/tikz.sty
(/usr/local/texlive/2016/texmf-dist/tex/latex/pgf/basiclayer/pgf.sty
(/usr/local/texlive/2016/texmf-dist/tex/latex/pgf/utilities/pgfrcs.sty
(/usr/local/texlive/2016/texmf-dist/tex/generic/pgf/utilities/pgfutil-common.te
x
\pgfutil@everybye=\toks14
\pgfutil@tempdima=\dimen103
\pgfutil@tempdimb=\dimen104

(/usr/local/texlive/2016/texmf-dist/tex/generic/pgf/utilities/pgfutil-common-li
sts.tex))
(/usr/local/texlive/2016/texmf-dist/tex/generic/pgf/utilities/pgfutil-latex.def
\pgfutil@abb=\box26
(/usr/local/texlive/2016/texmf-dist/tex/latex/ms/everyshi.sty
Package: everyshi 2001/05/15 v3.00 EveryShipout Package (MS)
))
(/usr/local/texlive/2016/texmf-dist/tex/generic/pgf/utilities/pgfrcs.code.tex
Package: pgfrcs 2015/08/07 v3.0.1a (rcs-revision 1.31)
))
Package: pgf 2015/08/07 v3.0.1a (rcs-revision 1.15)
(/usr/local/texlive/2016/texmf-dist/tex/latex/pgf/basiclayer/pgfcore.sty
(/usr/local/texlive/2016/texmf-dist/tex/latex/graphics/graphicx.sty
Package: graphicx 2014/10/28 v1.0g Enhanced LaTeX Graphics (DPC,SPQR)

(/usr/local/texlive/2016/texmf-dist/tex/latex/graphics/keyval.sty
Package: keyval 2014/10/28 v1.15 key=value parser (DPC)
\KV@toks@=\toks15
)
(/usr/local/texlive/2016/texmf-dist/tex/latex/graphics/graphics.sty
Package: graphics 2016/05/09 v1.0r Standard LaTeX Graphics (DPC,SPQR)

(/usr/local/texlive/2016/texmf-dist/tex/latex/graphics/trig.sty
Package: trig 2016/01/03 v1.10 sin cos tan (DPC)
)
(/usr/local/texlive/2016/texmf-dist/tex/latex/graphics-cfg/graphics.cfg
File: graphics.cfg 2016/01/02 v1.10 sample graphics configuration
)
Package graphics Info: Driver file: pdftex.def on input line 96.

(/usr/local/texlive/2016/texmf-dist/tex/latex/pdftex-def/pdftex.def
File: pdftex.def 2011/05/27 v0.06d Graphics/color for pdfTeX

(/usr/local/texlive/2016/texmf-dist/tex/generic/oberdiek/infwarerr.sty
Package: infwarerr 2016/05/16 v1.4 Providing info/warning/error messages (HO)
)
(/usr/local/texlive/2016/texmf-dist/tex/generic/oberdiek/ltxcmds.sty
Package: ltxcmds 2016/05/16 v1.23 LaTeX kernel commands for general use (HO)
)
\Gread@gobject=\count88
))
\Gin@req@height=\dimen105
\Gin@req@width=\dimen106
)
(/usr/local/texlive/2016/texmf-dist/tex/latex/pgf/systemlayer/pgfsys.sty
(/usr/local/texlive/2016/texmf-dist/tex/generic/pgf/systemlayer/pgfsys.code.tex
Package: pgfsys 2014/07/09 v3.0.1a (rcs-revision 1.48)
(/usr/local/texlive/2016/texmf-dist/tex/generic/pgf/utilities/pgfkeys.code.tex
\pgfkeys@pathtoks=\toks16
\pgfkeys@temptoks=\toks17

(/usr/local/texlive/2016/texmf-dist/tex/generic/pgf/utilities/pgfkeysfiltered.c
ode.tex
\pgfkeys@tmptoks=\toks18
))
\pgf@x=\dimen107
\pgf@y=\dimen108
\pgf@xa=\dimen109
\pgf@ya=\dimen110
\pgf@xb=\dimen111
\pgf@yb=\dimen112
\pgf@xc=\dimen113
\pgf@yc=\dimen114
\w@pgf@writea=\write3
\r@pgf@reada=\read1
\c@pgf@counta=\count89
\c@pgf@countb=\count90
\c@pgf@countc=\count91
\c@pgf@countd=\count92
\t@pgf@toka=\toks19
\t@pgf@tokb=\toks20
\t@pgf@tokc=\toks21

(/usr/local/texlive/2016/texmf-dist/tex/generic/pgf/systemlayer/pgf.cfg
File: pgf.cfg 2008/05/14  (rcs-revision 1.7)
)
Driver file for pgf: pgfsys-pdftex.def

(/usr/local/texlive/2016/texmf-dist/tex/generic/pgf/systemlayer/pgfsys-pdftex.d
ef
File: pgfsys-pdftex.def 2014/10/11  (rcs-revision 1.35)

(/usr/local/texlive/2016/texmf-dist/tex/generic/pgf/systemlayer/pgfsys-common-p
df.def
File: pgfsys-common-pdf.def 2013/10/10  (rcs-revision 1.13)
)))
(/usr/local/texlive/2016/texmf-dist/tex/generic/pgf/systemlayer/pgfsyssoftpath.
code.tex
File: pgfsyssoftpath.code.tex 2013/09/09  (rcs-revision 1.9)
\pgfsyssoftpath@smallbuffer@items=\count93
\pgfsyssoftpath@bigbuffer@items=\count94
)
(/usr/local/texlive/2016/texmf-dist/tex/generic/pgf/systemlayer/pgfsysprotocol.
code.tex
File: pgfsysprotocol.code.tex 2006/10/16  (rcs-revision 1.4)
)) (/usr/local/texlive/2016/texmf-dist/tex/latex/xcolor/xcolor.sty
Package: xcolor 2016/05/11 v2.12 LaTeX color extensions (UK)

(/usr/local/texlive/2016/texmf-dist/tex/latex/graphics-cfg/color.cfg
File: color.cfg 2016/01/02 v1.6 sample color configuration
)
Package xcolor Info: Driver file: pdftex.def on input line 225.
Package xcolor Info: Model `cmy' substituted by `cmy0' on input line 1348.
Package xcolor Info: Model `hsb' substituted by `rgb' on input line 1352.
Package xcolor Info: Model `RGB' extended on input line 1364.
Package xcolor Info: Model `HTML' substituted by `rgb' on input line 1366.
Package xcolor Info: Model `Hsb' substituted by `hsb' on input line 1367.
Package xcolor Info: Model `tHsb' substituted by `hsb' on input line 1368.
Package xcolor Info: Model `HSB' substituted by `hsb' on input line 1369.
Package xcolor Info: Model `Gray' substituted by `gray' on input line 1370.
Package xcolor Info: Model `wave' substituted by `hsb' on input line 1371.
)
(/usr/local/texlive/2016/texmf-dist/tex/generic/pgf/basiclayer/pgfcore.code.tex
Package: pgfcore 2010/04/11 v3.0.1a (rcs-revision 1.7)
(/usr/local/texlive/2016/texmf-dist/tex/generic/pgf/math/pgfmath.code.tex
(/usr/local/texlive/2016/texmf-dist/tex/generic/pgf/math/pgfmathcalc.code.tex
(/usr/local/texlive/2016/texmf-dist/tex/generic/pgf/math/pgfmathutil.code.tex)
(/usr/local/texlive/2016/texmf-dist/tex/generic/pgf/math/pgfmathparser.code.tex
\pgfmath@dimen=\dimen115
\pgfmath@count=\count95
\pgfmath@box=\box27
\pgfmath@toks=\toks22
\pgfmath@stack@operand=\toks23
\pgfmath@stack@operation=\toks24
)
(/usr/local/texlive/2016/texmf-dist/tex/generic/pgf/math/pgfmathfunctions.code.
tex
(/usr/local/texlive/2016/texmf-dist/tex/generic/pgf/math/pgfmathfunctions.basic
.code.tex)
(/usr/local/texlive/2016/texmf-dist/tex/generic/pgf/math/pgfmathfunctions.trigo
nometric.code.tex)
(/usr/local/texlive/2016/texmf-dist/tex/generic/pgf/math/pgfmathfunctions.rando
m.code.tex)
(/usr/local/texlive/2016/texmf-dist/tex/generic/pgf/math/pgfmathfunctions.compa
rison.code.tex)
(/usr/local/texlive/2016/texmf-dist/tex/generic/pgf/math/pgfmathfunctions.base.
code.tex)
(/usr/local/texlive/2016/texmf-dist/tex/generic/pgf/math/pgfmathfunctions.round
.code.tex)
(/usr/local/texlive/2016/texmf-dist/tex/generic/pgf/math/pgfmathfunctions.misc.
code.tex)
(/usr/local/texlive/2016/texmf-dist/tex/generic/pgf/math/pgfmathfunctions.integ
erarithmetics.code.tex)))
(/usr/local/texlive/2016/texmf-dist/tex/generic/pgf/math/pgfmathfloat.code.tex
\c@pgfmathroundto@lastzeros=\count96
))
(/usr/local/texlive/2016/texmf-dist/tex/generic/pgf/basiclayer/pgfcorepoints.co
de.tex
File: pgfcorepoints.code.tex 2013/10/07  (rcs-revision 1.27)
\pgf@picminx=\dimen116
\pgf@picmaxx=\dimen117
\pgf@picminy=\dimen118
\pgf@picmaxy=\dimen119
\pgf@pathminx=\dimen120
\pgf@pathmaxx=\dimen121
\pgf@pathminy=\dimen122
\pgf@pathmaxy=\dimen123
\pgf@xx=\dimen124
\pgf@xy=\dimen125
\pgf@yx=\dimen126
\pgf@yy=\dimen127
\pgf@zx=\dimen128
\pgf@zy=\dimen129
)
(/usr/local/texlive/2016/texmf-dist/tex/generic/pgf/basiclayer/pgfcorepathconst
ruct.code.tex
File: pgfcorepathconstruct.code.tex 2013/10/07  (rcs-revision 1.29)
\pgf@path@lastx=\dimen130
\pgf@path@lasty=\dimen131
)
(/usr/local/texlive/2016/texmf-dist/tex/generic/pgf/basiclayer/pgfcorepathusage
.code.tex
File: pgfcorepathusage.code.tex 2014/11/02  (rcs-revision 1.24)
\pgf@shorten@end@additional=\dimen132
\pgf@shorten@start@additional=\dimen133
)
(/usr/local/texlive/2016/texmf-dist/tex/generic/pgf/basiclayer/pgfcorescopes.co
de.tex
File: pgfcorescopes.code.tex 2015/05/08  (rcs-revision 1.46)
\pgfpic=\box28
\pgf@hbox=\box29
\pgf@layerbox@main=\box30
\pgf@picture@serial@count=\count97
)
(/usr/local/texlive/2016/texmf-dist/tex/generic/pgf/basiclayer/pgfcoregraphicst
ate.code.tex
File: pgfcoregraphicstate.code.tex 2014/11/02  (rcs-revision 1.12)
\pgflinewidth=\dimen134
)
(/usr/local/texlive/2016/texmf-dist/tex/generic/pgf/basiclayer/pgfcoretransform
ations.code.tex
File: pgfcoretransformations.code.tex 2015/08/07  (rcs-revision 1.20)
\pgf@pt@x=\dimen135
\pgf@pt@y=\dimen136
\pgf@pt@temp=\dimen137
)
(/usr/local/texlive/2016/texmf-dist/tex/generic/pgf/basiclayer/pgfcorequick.cod
e.tex
File: pgfcorequick.code.tex 2008/10/09  (rcs-revision 1.3)
)
(/usr/local/texlive/2016/texmf-dist/tex/generic/pgf/basiclayer/pgfcoreobjects.c
ode.tex
File: pgfcoreobjects.code.tex 2006/10/11  (rcs-revision 1.2)
)
(/usr/local/texlive/2016/texmf-dist/tex/generic/pgf/basiclayer/pgfcorepathproce
ssing.code.tex
File: pgfcorepathprocessing.code.tex 2013/09/09  (rcs-revision 1.9)
)
(/usr/local/texlive/2016/texmf-dist/tex/generic/pgf/basiclayer/pgfcorearrows.co
de.tex
File: pgfcorearrows.code.tex 2015/05/14  (rcs-revision 1.43)
\pgfarrowsep=\dimen138
)
(/usr/local/texlive/2016/texmf-dist/tex/generic/pgf/basiclayer/pgfcoreshade.cod
e.tex
File: pgfcoreshade.code.tex 2013/07/15  (rcs-revision 1.15)
\pgf@max=\dimen139
\pgf@sys@shading@range@num=\count98
)
(/usr/local/texlive/2016/texmf-dist/tex/generic/pgf/basiclayer/pgfcoreimage.cod
e.tex
File: pgfcoreimage.code.tex 2013/07/15  (rcs-revision 1.18)

(/usr/local/texlive/2016/texmf-dist/tex/generic/pgf/basiclayer/pgfcoreexternal.
code.tex
File: pgfcoreexternal.code.tex 2014/07/09  (rcs-revision 1.21)
\pgfexternal@startupbox=\box31
))
(/usr/local/texlive/2016/texmf-dist/tex/generic/pgf/basiclayer/pgfcorelayers.co
de.tex
File: pgfcorelayers.code.tex 2013/07/18  (rcs-revision 1.7)
)
(/usr/local/texlive/2016/texmf-dist/tex/generic/pgf/basiclayer/pgfcoretranspare
ncy.code.tex
File: pgfcoretransparency.code.tex 2013/09/30  (rcs-revision 1.5)
)
(/usr/local/texlive/2016/texmf-dist/tex/generic/pgf/basiclayer/pgfcorepatterns.
code.tex
File: pgfcorepatterns.code.tex 2013/11/07  (rcs-revision 1.5)
)))
(/usr/local/texlive/2016/texmf-dist/tex/generic/pgf/modules/pgfmoduleshapes.cod
e.tex
File: pgfmoduleshapes.code.tex 2014/03/21  (rcs-revision 1.35)
\pgfnodeparttextbox=\box32
)
(/usr/local/texlive/2016/texmf-dist/tex/generic/pgf/modules/pgfmoduleplot.code.
tex
File: pgfmoduleplot.code.tex 2015/08/03  (rcs-revision 1.13)
)
(/usr/local/texlive/2016/texmf-dist/tex/latex/pgf/compatibility/pgfcomp-version
-0-65.sty
Package: pgfcomp-version-0-65 2007/07/03 v3.0.1a (rcs-revision 1.7)
\pgf@nodesepstart=\dimen140
\pgf@nodesepend=\dimen141
)
(/usr/local/texlive/2016/texmf-dist/tex/latex/pgf/compatibility/pgfcomp-version
-1-18.sty
Package: pgfcomp-version-1-18 2007/07/23 v3.0.1a (rcs-revision 1.1)
))
(/usr/local/texlive/2016/texmf-dist/tex/latex/pgf/utilities/pgffor.sty
(/usr/local/texlive/2016/texmf-dist/tex/latex/pgf/utilities/pgfkeys.sty
(/usr/local/texlive/2016/texmf-dist/tex/generic/pgf/utilities/pgfkeys.code.tex)
) (/usr/local/texlive/2016/texmf-dist/tex/latex/pgf/math/pgfmath.sty
(/usr/local/texlive/2016/texmf-dist/tex/generic/pgf/math/pgfmath.code.tex))
(/usr/local/texlive/2016/texmf-dist/tex/generic/pgf/utilities/pgffor.code.tex
Package: pgffor 2013/12/13 v3.0.1a (rcs-revision 1.25)

(/usr/local/texlive/2016/texmf-dist/tex/generic/pgf/math/pgfmath.code.tex)
\pgffor@iter=\dimen142
\pgffor@skip=\dimen143
\pgffor@stack=\toks25
\pgffor@toks=\toks26
))
(/usr/local/texlive/2016/texmf-dist/tex/generic/pgf/frontendlayer/tikz/tikz.cod
e.tex
Package: tikz 2015/08/07 v3.0.1a (rcs-revision 1.151)

(/usr/local/texlive/2016/texmf-dist/tex/generic/pgf/libraries/pgflibraryplothan
dlers.code.tex
File: pgflibraryplothandlers.code.tex 2013/08/31 v3.0.1a (rcs-revision 1.20)
\pgf@plot@mark@count=\count99
\pgfplotmarksize=\dimen144
)
\tikz@lastx=\dimen145
\tikz@lasty=\dimen146
\tikz@lastxsaved=\dimen147
\tikz@lastysaved=\dimen148
\tikzleveldistance=\dimen149
\tikzsiblingdistance=\dimen150
\tikz@figbox=\box33
\tikz@figbox@bg=\box34
\tikz@tempbox=\box35
\tikz@tempbox@bg=\box36
\tikztreelevel=\count100
\tikznumberofchildren=\count101
\tikznumberofcurrentchild=\count102
\tikz@fig@count=\count103

(/usr/local/texlive/2016/texmf-dist/tex/generic/pgf/modules/pgfmodulematrix.cod
e.tex
File: pgfmodulematrix.code.tex 2013/09/17  (rcs-revision 1.8)
\pgfmatrixcurrentrow=\count104
\pgfmatrixcurrentcolumn=\count105
\pgf@matrix@numberofcolumns=\count106
)
\tikz@expandcount=\count107

(/usr/local/texlive/2016/texmf-dist/tex/generic/pgf/frontendlayer/tikz/librarie
s/tikzlibrarytopaths.code.tex
File: tikzlibrarytopaths.code.tex 2008/06/17 v3.0.1a (rcs-revision 1.2)
)))
(/usr/local/texlive/2016/texmf-dist/tex/latex/float/float.sty
Package: float 2001/11/08 v1.3d Float enhancements (AL)
\c@float@type=\count108
\float@exts=\toks27
\float@box=\box37
\@float@everytoks=\toks28
\@floatcapt=\box38
)
(/usr/local/texlive/2016/texmf-dist/tex/latex/listings/listings.sty
\lst@mode=\count109
\lst@gtempboxa=\box39
\lst@token=\toks29
\lst@length=\count110
\lst@currlwidth=\dimen151
\lst@column=\count111
\lst@pos=\count112
\lst@lostspace=\dimen152
\lst@width=\dimen153
\lst@newlines=\count113
\lst@lineno=\count114
\lst@maxwidth=\dimen154

(/usr/local/texlive/2016/texmf-dist/tex/latex/listings/lstmisc.sty
File: lstmisc.sty 2015/06/04 1.6 (Carsten Heinz)
\c@lstnumber=\count115
\lst@skipnumbers=\count116
\lst@framebox=\box40
)
(/usr/local/texlive/2016/texmf-dist/tex/latex/listings/listings.cfg
File: listings.cfg 2015/06/04 1.6 listings configuration
))
Package: listings 2015/06/04 1.6 (Carsten Heinz)

(/usr/local/texlive/2016/texmf-dist/tex/generic/babel/babel.sty
Package: babel 2016/04/23 3.9r The Babel package

(/usr/local/texlive/2016/texmf-dist/tex/generic/babel-french/frenchb.ldf
Language: frenchb 2016/05/14 v3.2c French support from the babel system

(/usr/local/texlive/2016/texmf-dist/tex/generic/babel/babel.def
File: babel.def 2016/04/23 3.9r Babel common definitions
\babel@savecnt=\count117
\U@D=\dimen155
)
\l@acadian = a dialect from \language\l@french 
\l@canadien = a dialect from \language\l@french 
\FB@nonchar=\count118
\FBcolonskip=\skip43
\FBthinskip=\skip44
Package babel Info: Making : an active character on input line 365.
Package babel Info: Making ; an active character on input line 366.
Package babel Info: Making ! an active character on input line 367.
Package babel Info: Making ? an active character on input line 368.
\FBguillskip=\skip45
\FBguill@level=\count119
\FB@everypar=\toks30
\FB@Mht=\dimen156
\std@mcc=\count120
\dec@mcc=\count121


Package frenchb.ldf Warning: Please load the "listings" package
(frenchb.ldf)                AFTER babel/frenchb; reported on input line 967.

\listindentFB=\skip46
\labelwidthFB=\skip47
\leftmarginFB=\skip48
\parindentFFN=\dimen157
\FBfnindent=\skip49
)) (/usr/local/texlive/2016/texmf-dist/tex/latex/carlisle/scalefnt.sty)
(/usr/local/texlive/2016/texmf-dist/tex/latex/base/inputenc.sty
Package: inputenc 2015/03/17 v1.2c Input encoding file
\inpenc@prehook=\toks31
\inpenc@posthook=\toks32

(/usr/local/texlive/2016/texmf-dist/tex/latex/ucs/utf8x.def
File: utf8x.def 2004/10/17 UCS: Input encoding UTF-8
))
(/usr/local/texlive/2016/texmf-dist/tex/latex/ucs/ucs.sty
Package: ucs 2013/05/11 v2.2 UCS: Unicode input support

(/usr/local/texlive/2016/texmf-dist/tex/latex/ucs/data/uni-global.def
File: uni-global.def 2013/05/13 UCS: Unicode global data
)
\uc@secondtry=\count122
\uc@combtoks=\toks33
\uc@combtoksb=\toks34
\uc@temptokena=\toks35
)
(/usr/local/texlive/2016/texmf-dist/tex/latex/amsmath/amsmath.sty
Package: amsmath 2016/03/10 v2.15b AMS math features
\@mathmargin=\skip50

For additional information on amsmath, use the `?' option.
(/usr/local/texlive/2016/texmf-dist/tex/latex/amsmath/amstext.sty
Package: amstext 2000/06/29 v2.01 AMS text

(/usr/local/texlive/2016/texmf-dist/tex/latex/amsmath/amsgen.sty
File: amsgen.sty 1999/11/30 v2.0 generic functions
\@emptytoks=\toks36
\ex@=\dimen158
))
(/usr/local/texlive/2016/texmf-dist/tex/latex/amsmath/amsbsy.sty
Package: amsbsy 1999/11/29 v1.2d Bold Symbols
\pmbraise@=\dimen159
)
(/usr/local/texlive/2016/texmf-dist/tex/latex/amsmath/amsopn.sty
Package: amsopn 2016/03/08 v2.02 operator names
)
\inf@bad=\count123
LaTeX Info: Redefining \frac on input line 199.
\uproot@=\count124
\leftroot@=\count125
LaTeX Info: Redefining \overline on input line 297.
\classnum@=\count126
\DOTSCASE@=\count127
LaTeX Info: Redefining \ldots on input line 394.
LaTeX Info: Redefining \dots on input line 397.
LaTeX Info: Redefining \cdots on input line 518.
\Mathstrutbox@=\box41
\strutbox@=\box42
\big@size=\dimen160
LaTeX Font Info:    Redeclaring font encoding OML on input line 634.
LaTeX Font Info:    Redeclaring font encoding OMS on input line 635.
\macc@depth=\count128
\c@MaxMatrixCols=\count129
\dotsspace@=\muskip10
\c@parentequation=\count130
\dspbrk@lvl=\count131
\tag@help=\toks37
\row@=\count132
\column@=\count133
\maxfields@=\count134
\andhelp@=\toks38
\eqnshift@=\dimen161
\alignsep@=\dimen162
\tagshift@=\dimen163
\tagwidth@=\dimen164
\totwidth@=\dimen165
\lineht@=\dimen166
\@envbody=\toks39
\multlinegap=\skip51
\multlinetaggap=\skip52
\mathdisplay@stack=\toks40
LaTeX Info: Redefining \[ on input line 2739.
LaTeX Info: Redefining \] on input line 2740.
)
(/usr/local/texlive/2016/texmf-dist/tex/latex/caption/caption.sty
Package: caption 2016/02/21 v3.3-144 Customizing captions (AR)

(/usr/local/texlive/2016/texmf-dist/tex/latex/caption/caption3.sty
Package: caption3 2016/02/04 v1.7-139 caption3 kernel (AR)
Package caption3 Info: TeX engine: e-TeX on input line 67.
\captionmargin=\dimen167
\captionmargin@=\dimen168
\captionwidth=\dimen169
\caption@tempdima=\dimen170
\caption@indent=\dimen171
\caption@parindent=\dimen172
\caption@hangindent=\dimen173
)
\c@ContinuedFloat=\count135
Package caption Info: float package is loaded.
Package caption Info: listings package is loaded.
)
(/usr/local/texlive/2016/texmf-dist/tex/latex/caption/subcaption.sty
Package: subcaption 2016/02/20 v1.1-142 Sub-captions (AR)
\c@subfigure=\count136
\c@subtable=\count137
)
(/usr/local/texlive/2016/texmf-dist/tex/latex/wrapfig/wrapfig.sty
\wrapoverhang=\dimen174
\WF@size=\dimen175
\c@WF@wrappedlines=\count138
\WF@box=\box43
\WF@everypar=\toks41
Package: wrapfig 2003/01/31  v 3.6
)
(/usr/local/texlive/2016/texmf-dist/tex/latex/amsfonts/amsfonts.sty
Package: amsfonts 2013/01/14 v3.01 Basic AMSFonts support
\symAMSa=\mathgroup4
\symAMSb=\mathgroup5
LaTeX Font Info:    Overwriting math alphabet `\mathfrak' in version `bold'
(Font)                  U/euf/m/n --> U/euf/b/n on input line 106.
)
(/usr/local/texlive/2016/texmf-dist/tex/latex/mathtools/mathtools.sty
Package: mathtools 2015/11/12 v1.18 mathematical typesetting tools

(/usr/local/texlive/2016/texmf-dist/tex/latex/tools/calc.sty
Package: calc 2014/10/28 v4.3 Infix arithmetic (KKT,FJ)
\calc@Acount=\count139
\calc@Bcount=\count140
\calc@Adimen=\dimen176
\calc@Bdimen=\dimen177
\calc@Askip=\skip53
\calc@Bskip=\skip54
LaTeX Info: Redefining \setlength on input line 80.
LaTeX Info: Redefining \addtolength on input line 81.
\calc@Ccount=\count141
\calc@Cskip=\skip55
)
(/usr/local/texlive/2016/texmf-dist/tex/latex/mathtools/mhsetup.sty
Package: mhsetup 2010/01/21 v1.2a programming setup (MH)
)
LaTeX Info: Thecontrolsequence`\('isalreadyrobust on input line 129.
LaTeX Info: Thecontrolsequence`\)'isalreadyrobust on input line 129.
LaTeX Info: Thecontrolsequence`\['isalreadyrobust on input line 129.
LaTeX Info: Thecontrolsequence`\]'isalreadyrobust on input line 129.
\g_MT_multlinerow_int=\count142
\l_MT_multwidth_dim=\dimen178
\origjot=\skip56
\l_MT_shortvdotswithinadjustabove_dim=\dimen179
\l_MT_shortvdotswithinadjustbelow_dim=\dimen180
\l_MT_above_intertext_sep=\dimen181
\l_MT_below_intertext_sep=\dimen182
\l_MT_above_shortintertext_sep=\dimen183
\l_MT_below_shortintertext_sep=\dimen184
)
(/usr/local/texlive/2016/texmf-dist/tex/latex/listings/lstlang1.sty
File: lstlang1.sty 2015/06/04 1.6 listings language file
)
(/usr/local/texlive/2016/texmf-dist/tex/latex/listings/lstlang2.sty
File: lstlang2.sty 2015/06/04 1.6 listings language file
)
(/usr/local/texlive/2016/texmf-dist/tex/latex/listings/lstlang3.sty
File: lstlang3.sty 2015/06/04 1.6 listings language file
)
(./report.aux

LaTeX Warning: Label `fig:scatter_correcteur_median' multiply defined.

)
\openout1 = `report.aux'.

LaTeX Font Info:    Checking defaults for OML/cmm/m/it on input line 48.
LaTeX Font Info:    ... okay on input line 48.
LaTeX Font Info:    Checking defaults for T1/cmr/m/n on input line 48.
LaTeX Font Info:    ... okay on input line 48.
LaTeX Font Info:    Checking defaults for OT1/cmr/m/n on input line 48.
LaTeX Font Info:    ... okay on input line 48.
LaTeX Font Info:    Checking defaults for OMS/cmsy/m/n on input line 48.
LaTeX Font Info:    ... okay on input line 48.
LaTeX Font Info:    Checking defaults for OMX/cmex/m/n on input line 48.
LaTeX Font Info:    ... okay on input line 48.
LaTeX Font Info:    Checking defaults for U/cmr/m/n on input line 48.
LaTeX Font Info:    ... okay on input line 48.
 ABD: EveryShipout initializing macros
(/usr/local/texlive/2016/texmf-dist/tex/context/base/mkii/supp-pdf.mkii
[Loading MPS to PDF converter (version 2006.09.02).]
\scratchcounter=\count143
\scratchdimen=\dimen185
\scratchbox=\box44
\nofMPsegments=\count144
\nofMParguments=\count145
\everyMPshowfont=\toks42
\MPscratchCnt=\count146
\MPscratchDim=\dimen186
\MPnumerator=\count147
\makeMPintoPDFobject=\count148
\everyMPtoPDFconversion=\toks43
) (/usr/local/texlive/2016/texmf-dist/tex/generic/oberdiek/pdftexcmds.sty
Package: pdftexcmds 2016/05/10 v0.21 Utility functions of pdfTeX for LuaTeX (HO
)

(/usr/local/texlive/2016/texmf-dist/tex/generic/oberdiek/ifluatex.sty
Package: ifluatex 2016/05/16 v1.4 Provides the ifluatex switch (HO)
Package ifluatex Info: LuaTeX not detected.
)
(/usr/local/texlive/2016/texmf-dist/tex/generic/oberdiek/ifpdf.sty
Package: ifpdf 2016/05/14 v3.1 Provides the ifpdf switch
)
Package pdftexcmds Info: LuaTeX not detected.
Package pdftexcmds Info: \pdf@primitive is available.
Package pdftexcmds Info: \pdf@ifprimitive is available.
Package pdftexcmds Info: \pdfdraftmode found.
)
(/usr/local/texlive/2016/texmf-dist/tex/latex/oberdiek/epstopdf-base.sty
Package: epstopdf-base 2016/05/15 v2.6 Base part for package epstopdf

(/usr/local/texlive/2016/texmf-dist/tex/latex/oberdiek/grfext.sty
Package: grfext 2016/05/16 v1.2 Manage graphics extensions (HO)

(/usr/local/texlive/2016/texmf-dist/tex/generic/oberdiek/kvdefinekeys.sty
Package: kvdefinekeys 2016/05/16 v1.4 Define keys (HO)
))
(/usr/local/texlive/2016/texmf-dist/tex/latex/oberdiek/kvoptions.sty
Package: kvoptions 2016/05/16 v3.12 Key value format for package options (HO)

(/usr/local/texlive/2016/texmf-dist/tex/generic/oberdiek/kvsetkeys.sty
Package: kvsetkeys 2016/05/16 v1.17 Key value parser (HO)

(/usr/local/texlive/2016/texmf-dist/tex/generic/oberdiek/etexcmds.sty
Package: etexcmds 2016/05/16 v1.6 Avoid name clashes with e-TeX commands (HO)
Package etexcmds Info: Could not find \expanded.
(etexcmds)             That can mean that you are not using pdfTeX 1.50 or
(etexcmds)             that some package has redefined \expanded.
(etexcmds)             In the latter case, load this package earlier.
)))
Package grfext Info: Graphics extension search list:
(grfext)             [.png,.pdf,.jpg,.mps,.jpeg,.jbig2,.jb2,.PNG,.PDF,.JPG,.JPE
G,.JBIG2,.JB2,.eps]
(grfext)             \AppendGraphicsExtensions on input line 456.

(/usr/local/texlive/2016/texmf-dist/tex/latex/latexconfig/epstopdf-sys.cfg
File: epstopdf-sys.cfg 2010/07/13 v1.3 Configuration of (r)epstopdf for TeX Liv
e
))
\c@lstlisting=\count149
LaTeX Info: Redefining \degres on input line 48.
LaTeX Info: Redefining \dots on input line 48.
LaTeX Info: Redefining \up on input line 48.


Package frenchb.ldf Warning: OT1 encoding should not be used for French.
(frenchb.ldf)                Add \usepackage[T1]{fontenc} to the preamble
(frenchb.ldf)                of your document, on input line 48.

(/usr/local/texlive/2016/texmf-dist/tex/latex/ucs/ucsencs.def
File: ucsencs.def 2011/01/21 Fixes to fontencodings LGR, T3
)
Package caption Info: Begin \AtBeginDocument code.
Package caption Info: wrapfig package is loaded.
Package caption Info: End \AtBeginDocument code.

(/usr/local/texlive/2016/texmf-dist/tex/latex/ucs/data/uni-0.def
File: uni-0.def 2013/05/13 UCS: Unicode data U+0000..U+00FF
)
LaTeX Font Info:    Try loading font information for U+msa on input line 68.

(/usr/local/texlive/2016/texmf-dist/tex/latex/amsfonts/umsa.fd
File: umsa.fd 2013/01/14 v3.01 AMS symbols A
)
LaTeX Font Info:    Try loading font information for U+msb on input line 68.

(/usr/local/texlive/2016/texmf-dist/tex/latex/amsfonts/umsb.fd
File: umsb.fd 2013/01/14 v3.01 AMS symbols B
)
<Figures/utc.jpg, id=4, 1133.23375pt x 549.05125pt>
File: Figures/utc.jpg Graphic file (type jpg)
 <use Figures/utc.jpg>
Package pdftex.def Info: Figures/utc.jpg used on input line 78.
(pdftex.def)             Requested size: 113.81102pt x 55.13454pt.

[1

{/usr/local/texlive/2016/texmf-var/fonts/map/pdftex/updmap/pdftex.map} <./Figur
es/utc.jpg>] [1]
Overfull \hbox (57.15608pt too wide) in paragraph at lines 109--110
[]\OT1/cmr/bx/n/10 Variables Qua-li-ta-tives No-mi-nales \OT1/cmr/m/n/10 : nom,
 spe-cia-lite, sta-tus, der-nier.diplome.obtenu
 []


Underfull \hbox (badness 10000) in paragraph at lines 110--111

 []

[1] <Figures/Notes/corr_notes.jpg, id=24, 481.8pt x 481.8pt>
File: Figures/Notes/corr_notes.jpg Graphic file (type jpg)

<use Figures/Notes/corr_notes.jpg>
Package pdftex.def Info: Figures/Notes/corr_notes.jpg used on input line 137.
(pdftex.def)             Requested size: 142.26378pt x 142.26208pt.

Overfull \hbox (1.3338pt too wide) in paragraph at lines 144--145
[]\OT1/cmr/m/n/10 La fi-gure ci-dessous repr^^Sesente trois dia-grammes a boite
s des notes de m^^Sedian,
 []

<Figures/Notes/boxplot_exam.jpg, id=25, 481.8pt x 481.8pt>
File: Figures/Notes/boxplot_exam.jpg Graphic file (type jpg)

<use Figures/Notes/boxplot_exam.jpg>
Package pdftex.def Info: Figures/Notes/boxplot_exam.jpg used on input line 148.

(pdftex.def)             Requested size: 170.71652pt x 170.71304pt.

Overfull \hbox (32.71863pt too wide) in paragraph at lines 148--149
[][] 
 []


Overfull \hbox (90.39273pt too wide) in paragraph at lines 154--160
[][] 
 []


Overfull \hbox (29.82285pt too wide) in paragraph at lines 147--162
[]$[]$  $[]$ 
 []


LaTeX Warning: `!h' float specifier changed to `!ht'.

[2 <./Figures/Notes/corr_notes.jpg>]
<Figures/Notes/niveau_resultat.png, id=31, 481.8pt x 481.8pt>
File: Figures/Notes/niveau_resultat.png Graphic file (type png)

<use Figures/Notes/niveau_resultat.png>
Package pdftex.def Info: Figures/Notes/niveau_resultat.png used on input line 1
76.
(pdftex.def)             Requested size: 199.16928pt x 199.16399pt.

Overfull \hbox (26.66928pt too wide) in paragraph at lines 176--177
 [][] 
 []

<Figures/Notes/specialite_resultat.png, id=33, 481.8pt x 481.8pt>
File: Figures/Notes/specialite_resultat.png Graphic file (type png)

<use Figures/Notes/specialite_resultat.png>
Package pdftex.def Info: Figures/Notes/specialite_resultat.png used on input li
ne 183.
(pdftex.def)             Requested size: 199.16928pt x 199.16399pt.

Overfull \hbox (26.66928pt too wide) in paragraph at lines 183--184
 [][] 
 []


Overfull \hbox (29.82285pt too wide) in paragraph at lines 174--187
[]$[]$  $[]$ 
 []


LaTeX Warning: `!h' float specifier changed to `!ht'.

<Figures/Notes/diplome_resultat.png, id=34, 481.8pt x 481.8pt>
File: Figures/Notes/diplome_resultat.png Graphic file (type png)

<use Figures/Notes/diplome_resultat.png>
Package pdftex.def Info: Figures/Notes/diplome_resultat.png used on input line 
193.
(pdftex.def)             Requested size: 199.16928pt x 199.16399pt.

Overfull \hbox (26.66928pt too wide) in paragraph at lines 193--194
[][] 
 []


Overfull \hbox (29.82285pt too wide) in paragraph at lines 192--201
[]$[]$  $[]$ 
 []


LaTeX Warning: `!h' float specifier changed to `!ht'.

<Figures/Notes/correcteur_median.png, id=35, 481.8pt x 481.8pt>
File: Figures/Notes/correcteur_median.png Graphic file (type png)

<use Figures/Notes/correcteur_median.png>
Package pdftex.def Info: Figures/Notes/correcteur_median.png used on input line
 208.
(pdftex.def)             Requested size: 199.16928pt x 199.16399pt.

Overfull \hbox (26.66928pt too wide) in paragraph at lines 208--209
[][] 
 []

<Figures/Notes/correcteur_final.png, id=36, 481.8pt x 481.8pt>
File: Figures/Notes/correcteur_final.png Graphic file (type png)

<use Figures/Notes/correcteur_final.png>
Package pdftex.def Info: Figures/Notes/correcteur_final.png used on input line 
214.
(pdftex.def)             Requested size: 199.16928pt x 199.16399pt.
<<<<<<< HEAD
 [5 <./Figures/Notes/niveau_resultat.jpg> <./Figures/Notes/correcteur.jpg>]
<Figures/Crabs/bxp_crabsquant.png, id=43, 481.8pt x 481.8pt>
File: Figures/Crabs/bxp_crabsquant.png Graphic file (type png)

<use Figures/Crabs/bxp_crabsquant.png>
Package pdftex.def Info: Figures/Crabs/bxp_crabsquant.png used on input line 20
0.
(pdftex.def)             Requested size: 142.26378pt x 142.26208pt.
LaTeX Font Info:    Try loading font information for OMS+cmr on input line 211.


(/usr/local/texlive/2016/texmf-dist/tex/latex/base/omscmr.fd
File: omscmr.fd 2014/09/29 v2.5h Standard LaTeX font definitions
)
LaTeX Font Info:    Font shape `OMS/cmr/m/n' in size <10> not available
(Font)              Font shape `OMS/cmsy/m/n' tried instead on input line 211.

Overfull \hbox (90.29195pt too wide) in paragraph at lines 211--212
[]\OT1/cmr/bx/n/10 index : \OT1/cmr/m/n/10 in-dex de 1 a 50 pour cha-cune des 4
 ca-te-go-ries sui-vantes : \OMS/cmsy/m/n/10 f\OT1/cmr/m/n/10 "B,M","O,M","B,F"
,"O,F"\OMS/cmsy/m/n/10 g 
 []

<Figures/Crabs/bxp_sp_fl.png, id=45, 481.8pt x 481.8pt>
File: Figures/Crabs/bxp_sp_fl.png Graphic file (type png)

<use Figures/Crabs/bxp_sp_fl.png>
Package pdftex.def Info: Figures/Crabs/bxp_sp_fl.png used on input line 227.
(pdftex.def)             Requested size: 99.58464pt x 99.57831pt.

<Figures/Crabs/bxp_sp_rw.png, id=46, 481.8pt x 481.8pt>
File: Figures/Crabs/bxp_sp_rw.png Graphic file (type png)

<use Figures/Crabs/bxp_sp_rw.png>
Package pdftex.def Info: Figures/Crabs/bxp_sp_rw.png used on input line 230.
(pdftex.def)             Requested size: 99.58464pt x 99.57831pt.

<Figures/Crabs/bxp_sp_cl.png, id=47, 481.8pt x 481.8pt>
File: Figures/Crabs/bxp_sp_cl.png Graphic file (type png)

<use Figures/Crabs/bxp_sp_cl.png>
Package pdftex.def Info: Figures/Crabs/bxp_sp_cl.png used on input line 233.
(pdftex.def)             Requested size: 99.58464pt x 99.57831pt.

<Figures/Crabs/bxp_sp_cw.png, id=48, 481.8pt x 481.8pt>
File: Figures/Crabs/bxp_sp_cw.png Graphic file (type png)

<use Figures/Crabs/bxp_sp_cw.png>
Package pdftex.def Info: Figures/Crabs/bxp_sp_cw.png used on input line 237.
(pdftex.def)             Requested size: 99.58464pt x 99.57831pt.

<Figures/Crabs/bxp_sp_bd.png, id=49, 481.8pt x 481.8pt>
File: Figures/Crabs/bxp_sp_bd.png Graphic file (type png)

<use Figures/Crabs/bxp_sp_bd.png>
Package pdftex.def Info: Figures/Crabs/bxp_sp_bd.png used on input line 240.
(pdftex.def)             Requested size: 99.58464pt x 99.57831pt.
 [6 <./Figures/Crabs/bxp_crabsquant.png>]
<Figures/Crabs/bxp_sex_fl.png, id=54, 481.8pt x 481.8pt>
File: Figures/Crabs/bxp_sex_fl.png Graphic file (type png)

<use Figures/Crabs/bxp_sex_fl.png>
Package pdftex.def Info: Figures/Crabs/bxp_sex_fl.png used on input line 251.
(pdftex.def)             Requested size: 99.58464pt x 99.57831pt.

<Figures/Crabs/bxp_sex_rw.png, id=55, 481.8pt x 481.8pt>
File: Figures/Crabs/bxp_sex_rw.png Graphic file (type png)

<use Figures/Crabs/bxp_sex_rw.png>
Package pdftex.def Info: Figures/Crabs/bxp_sex_rw.png used on input line 254.
(pdftex.def)             Requested size: 99.58464pt x 99.57831pt.

<Figures/Crabs/bxp_sex_cl.png, id=56, 481.8pt x 481.8pt>
File: Figures/Crabs/bxp_sex_cl.png Graphic file (type png)

<use Figures/Crabs/bxp_sex_cl.png>
Package pdftex.def Info: Figures/Crabs/bxp_sex_cl.png used on input line 257.
(pdftex.def)             Requested size: 99.58464pt x 99.57831pt.

<Figures/Crabs/bxp_sex_cw.png, id=57, 481.8pt x 481.8pt>
File: Figures/Crabs/bxp_sex_cw.png Graphic file (type png)

<use Figures/Crabs/bxp_sex_cw.png>
Package pdftex.def Info: Figures/Crabs/bxp_sex_cw.png used on input line 261.
(pdftex.def)             Requested size: 99.58464pt x 99.57831pt.

<Figures/Crabs/bxp_sex_bd.png, id=58, 481.8pt x 481.8pt>
File: Figures/Crabs/bxp_sex_bd.png Graphic file (type png)

<use Figures/Crabs/bxp_sex_bd.png>
Package pdftex.def Info: Figures/Crabs/bxp_sex_bd.png used on input line 264.
(pdftex.def)             Requested size: 99.58464pt x 99.57831pt.
 [7 <./Figures/Crabs/bxp_sp_fl.png> <./Figures/Crabs/bxp_sp_rw.png> <./Figures/
Crabs/bxp_sp_cl.png> <./Figures/Crabs/bxp_sp_cw.png> <./Figures/Crabs/bxp_sp_bd
.png> <./Figures/Crabs/bxp_sex_fl.png> <./Figures/Crabs/bxp_sex_rw.png> <./Figu
res/Crabs/bxp_sex_cl.png> <./Figures/Crabs/bxp_sex_cw.png> <./Figures/Crabs/bxp
_sex_bd.png>]
<Figures/Crabs/plot_crabsquant.png, id=72, 481.8pt x 481.8pt>
File: Figures/Crabs/plot_crabsquant.png Graphic file (type png)

<use Figures/Crabs/plot_crabsquant.png>
Package pdftex.def Info: Figures/Crabs/plot_crabsquant.png used on input line 2
73.
(pdftex.def)             Requested size: 142.26378pt x 142.26208pt.

Underfull \hbox (badness 10000) in paragraph at lines 278--279

 []

<Figures/Crabs/plot_crabsquant_sp.png, id=73, 481.8pt x 481.8pt>
File: Figures/Crabs/plot_crabsquant_sp.png Graphic file (type png)

<use Figures/Crabs/plot_crabsquant_sp.png>
Package pdftex.def Info: Figures/Crabs/plot_crabsquant_sp.png used on input lin
e 281.
(pdftex.def)             Requested size: 142.26378pt x 142.26208pt.

<Figures/Crabs/plot_crabsquant_sex.png, id=74, 481.8pt x 481.8pt>
File: Figures/Crabs/plot_crabsquant_sex.png Graphic file (type png)

<use Figures/Crabs/plot_crabsquant_sex.png>
Package pdftex.def Info: Figures/Crabs/plot_crabsquant_sex.png used on input li
ne 284.
(pdftex.def)             Requested size: 142.26378pt x 142.26208pt.

Overfull \hbox (86.22643pt too wide) in paragraph at lines 280--286
[][] [] 
 []

<Figures/Crabs/cor_crabsquant.png, id=75, 290.08376pt x 113.42375pt>
File: Figures/Crabs/cor_crabsquant.png Graphic file (type png)

<use Figures/Crabs/cor_crabsquant.png>
Package pdftex.def Info: Figures/Crabs/cor_crabsquant.png used on input line 29
7.
(pdftex.def)             Requested size: 142.26378pt x 55.62485pt.
 [8 <./Figures/Crabs/plot_crabsquant.png> <./Figures/Crabs/plot_crabsquant_sp.p
ng> <./Figures/Crabs/plot_crabsquant_sex.png>] <Figures/Pima/bxp_Pimaquant.png,
 id=82, 481.8pt x 481.8pt>
File: Figures/Pima/bxp_Pimaquant.png Graphic file (type png)

<use Figures/Pima/bxp_Pimaquant.png>
Package pdftex.def Info: Figures/Pima/bxp_Pimaquant.png used on input line 319.

(pdftex.def)             Requested size: 142.26378pt x 142.26208pt.

<Figures/Pima/bxp_z_npreg.png, id=83, 481.8pt x 481.8pt>
File: Figures/Pima/bxp_z_npreg.png Graphic file (type png)

<use Figures/Pima/bxp_z_npreg.png>
Package pdftex.def Info: Figures/Pima/bxp_z_npreg.png used on input line 330.
(pdftex.def)             Requested size: 99.58464pt x 99.57831pt.

<Figures/Pima/bxp_z_glu.png, id=84, 481.8pt x 481.8pt>
File: Figures/Pima/bxp_z_glu.png Graphic file (type png)

<use Figures/Pima/bxp_z_glu.png>
Package pdftex.def Info: Figures/Pima/bxp_z_glu.png used on input line 333.
(pdftex.def)             Requested size: 99.58464pt x 99.57831pt.

<Figures/Pima/bxp_z_bp.png, id=85, 481.8pt x 481.8pt>
File: Figures/Pima/bxp_z_bp.png Graphic file (type png)

<use Figures/Pima/bxp_z_bp.png>
Package pdftex.def Info: Figures/Pima/bxp_z_bp.png used on input line 336.
(pdftex.def)             Requested size: 99.58464pt x 99.57831pt.

<Figures/Pima/bxp_z_skin.png, id=86, 481.8pt x 481.8pt>
File: Figures/Pima/bxp_z_skin.png Graphic file (type png)

<use Figures/Pima/bxp_z_skin.png>
Package pdftex.def Info: Figures/Pima/bxp_z_skin.png used on input line 340.
(pdftex.def)             Requested size: 99.58464pt x 99.57831pt.

<Figures/Pima/bxp_z_bmi.png, id=87, 481.8pt x 481.8pt>
File: Figures/Pima/bxp_z_bmi.png Graphic file (type png)

<use Figures/Pima/bxp_z_bmi.png>
Package pdftex.def Info: Figures/Pima/bxp_z_bmi.png used on input line 343.
(pdftex.def)             Requested size: 99.58464pt x 99.57831pt.

<Figures/Pima/bxp_z_ped.png, id=88, 481.8pt x 481.8pt>
File: Figures/Pima/bxp_z_ped.png Graphic file (type png)

<use Figures/Pima/bxp_z_ped.png>
Package pdftex.def Info: Figures/Pima/bxp_z_ped.png used on input line 347.
(pdftex.def)             Requested size: 99.58464pt x 99.57831pt.

<Figures/Pima/bxp_z_age.png, id=89, 481.8pt x 481.8pt>
File: Figures/Pima/bxp_z_age.png Graphic file (type png)

<use Figures/Pima/bxp_z_age.png>
Package pdftex.def Info: Figures/Pima/bxp_z_age.png used on input line 350.
(pdftex.def)             Requested size: 99.58464pt x 99.57831pt.
 [9 <./Figures/Crabs/cor_crabsquant.png> <./Figures/Pima/bxp_Pimaquant.png>] [1
0 <./Figures/Pima/bxp_z_npreg.png> <./Figures/Pima/bxp_z_glu.png> <./Figures/Pi
ma/bxp_z_bp.png> <./Figures/Pima/bxp_z_skin.png> <./Figures/Pima/bxp_z_bmi.png>
 <./Figures/Pima/bxp_z_ped.png> <./Figures/Pima/bxp_z_age.png>]
Chapitre 2.
[11
=======
>>>>>>> origin/master

Overfull \hbox (61.17139pt too wide) in paragraph at lines 214--215
[][] 
 []


Underfull \hbox (badness 1983) in paragraph at lines 215--215
[]\OT1/cmr/m/sc/10 Figure \OT1/cmr/m/n/10 7 { |Scat-ter-plot des
 []


Overfull \hbox (15.0pt too wide) in paragraph at lines 205--219
[]$[]$ 
 []

[3 <./Figures/Notes/boxplot_exam.jpg>]
Overfull \vbox (221.83916pt too high) has occurred while \output is active []


[4 <./Figures/Notes/niveau_resultat.png> <./Figures/Notes/specialite_resultat.p
ng> <./Figures/Notes/diplome_resultat.png> <./Figures/Notes/correcteur_median.p
ng> <./Figures/Notes/correcteur_final.png>] [5] (./report.aux)

LaTeX Warning: There were multiply-defined labels.

 ) 
Here is how much of TeX's memory you used:
<<<<<<< HEAD
 17086 strings out of 493014
 321020 string characters out of 6133351
 399642 words of memory out of 5000000
 20288 multiletter control sequences out of 15000+600000
 9619 words of font info for 36 fonts, out of 8000000 for 9000
 1141 hyphenation exceptions out of 8191
 55i,6n,54p,703b,600s stack positions out of 5000i,500n,10000p,200000b,80000s
</usr/local/texlive/2016/texmf-dist/fonts/type1/public/amsfon
ts/cm/cmbx10.pfb></usr/local/texlive/2016/texmf-dist/fonts/type1/public/amsfont
s/cm/cmbx12.pfb></usr/local/texlive/2016/texmf-dist/fonts/type1/public/amsfonts
/cm/cmcsc10.pfb></usr/local/texlive/2016/texmf-dist/fonts/type1/public/amsfonts
/cm/cmmi10.pfb></usr/local/texlive/2016/texmf-dist/fonts/type1/public/amsfonts/
cm/cmr10.pfb></usr/local/texlive/2016/texmf-dist/fonts/type1/public/amsfonts/cm
/cmr12.pfb></usr/local/texlive/2016/texmf-dist/fonts/type1/public/amsfonts/cm/c
msy10.pfb></usr/local/texlive/2016/texmf-dist/fonts/type1/public/amsfonts/cm/cm
ti10.pfb>
Output written on report.pdf (13 pages, 1020459 bytes).
PDF statistics:
 136 PDF objects out of 1000 (max. 8388607)
 59 compressed objects within 1 object stream
 0 named destinations out of 1000 (max. 500000)
 163 words of extra memory for PDF output out of 10000 (max. 10000000)
=======
 18050 strings out of 493014
 328667 string characters out of 6133351
 408094 words of memory out of 5000000
 21270 multiletter control sequences out of 15000+600000
 9479 words of font info for 36 fonts, out of 8000000 for 9000
 1141 hyphenation exceptions out of 8191
 55i,10n,54p,703b,1791s stack positions out of 5000i,500n,10000p,200000b,80000s
</usr/local/texlive/2016/texmf-dist/fonts/type1/public/amsfonts/cm/cmbx10.pfb
></usr/local/texlive/2016/texmf-dist/fonts/type1/public/amsfonts/cm/cmbx12.pfb>
</usr/local/texlive/2016/texmf-dist/fonts/type1/public/amsfonts/cm/cmcsc10.pfb>
</usr/local/texlive/2016/texmf-dist/fonts/type1/public/amsfonts/cm/cmmi10.pfb><
/usr/local/texlive/2016/texmf-dist/fonts/type1/public/amsfonts/cm/cmr10.pfb></u
sr/local/texlive/2016/texmf-dist/fonts/type1/public/amsfonts/cm/cmr12.pfb></usr
/local/texlive/2016/texmf-dist/fonts/type1/public/amsfonts/cm/cmr5.pfb></usr/lo
cal/texlive/2016/texmf-dist/fonts/type1/public/amsfonts/cm/cmsy10.pfb></usr/loc
al/texlive/2016/texmf-dist/fonts/type1/public/amsfonts/cm/cmti10.pfb></usr/loca
l/texlive/2016/texmf-dist/fonts/type1/public/amsfonts/cm/cmtt9.pfb>
Output written on report.pdf (7 pages, 465885 bytes).
PDF statistics:
 85 PDF objects out of 1000 (max. 8388607)
 52 compressed objects within 1 object stream
 0 named destinations out of 1000 (max. 500000)
 53 words of extra memory for PDF output out of 10000 (max. 10000000)
>>>>>>> origin/master

