\BOOKMARK [1][-]{section.1}{Classifieur euclidien, K plus proches voisins}{}% 1
\BOOKMARK [2][-]{subsection.1.1}{ Programmation}{section.1}% 2
\BOOKMARK [3][-]{subsubsection.1.1.1}{ Test de fonctions}{subsection.1.1}% 3
\BOOKMARK [2][-]{subsection.1.2}{ \311valuation des Performances}{section.1}% 4
\BOOKMARK [3][-]{subsubsection.1.2.1}{Estimation des param\350tres}{subsection.1.2}% 5
\BOOKMARK [3][-]{subsubsection.1.2.2}{Calcul du taux d'erreur du classifieur Euclidien }{subsection.1.2}% 6
\BOOKMARK [3][-]{subsubsection.1.2.3}{Le nombre Optimal de voisins du KPP }{subsection.1.2}% 7
\BOOKMARK [3][-]{subsubsection.1.2.4}{Calcul du taux d'erreur du KPP }{subsection.1.2}% 8
\BOOKMARK [2][-]{subsection.1.3}{Analyse des r\351sultats }{section.1}% 9
\BOOKMARK [3][-]{subsubsection.1.3.1}{ Jeux de donn\351es Synth2-1000}{subsection.1.3}% 10
\BOOKMARK [3][-]{subsubsection.1.3.2}{ Jeux de donn\351es r\351elles: Pima \046 Breast Cancer}{subsection.1.3}% 11
\BOOKMARK [1][-]{section.2}{R\350gle de Bayes}{}% 12
\BOOKMARK [2][-]{subsection.2.1}{Loi Marginale}{section.2}% 13
\BOOKMARK [3][-]{subsubsection.2.1.1}{Synth1}{subsection.2.1}% 14
\BOOKMARK [3][-]{subsubsection.2.1.2}{Synth2}{subsection.2.1}% 15
\BOOKMARK [2][-]{subsection.2.2}{Courbe d'iso-densit\351}{section.2}% 16
\BOOKMARK [3][-]{subsubsection.2.2.1}{Iso-densit\351 de Synth1}{subsection.2.2}% 17
\BOOKMARK [3][-]{subsubsection.2.2.2}{iso-densit\351 de Synth2}{subsection.2.2}% 18
\BOOKMARK [2][-]{subsection.2.3}{R\350gle de Bayes}{section.2}% 19
\BOOKMARK [3][-]{subsubsection.2.3.1}{Synth1}{subsection.2.3}% 20
\BOOKMARK [3][-]{subsubsection.2.3.2}{Synth2}{subsection.2.3}% 21
\BOOKMARK [2][-]{subsection.2.4}{Erreur de Bayes}{section.2}% 22
\BOOKMARK [3][-]{subsubsection.2.4.1}{Synth1}{subsection.2.4}% 23
\BOOKMARK [3][-]{subsubsection.2.4.2}{Synth2}{subsection.2.4}% 24
\BOOKMARK [1][-]{section.3}{Conclusion}{}% 25
